[31m2024-08-29 22:52:48 error: codegen: Error generating enums for Insteon: ENOTEMPTY: directory not empty, rmdir '../../packages/isy-nodejs/src/Definitions/Insteon/generated'[39m
[31m2024-08-29 22:52:48 error: codegen: Error generating enums for ZigBeeLegacy: ENOTEMPTY: directory not empty, rmdir '../../packages/isy-nodejs/src/Definitions/ZigBeeLegacy/generated'[39m
[31m2024-08-29 22:52:48 error: codegen: Error generating enums for ZWaveLegacy: ENOTEMPTY: directory not empty, rmdir '../../packages/isy-nodejs/src/Definitions/ZWaveLegacy/generated'[39m
[31m2024-08-29 22:52:48 error: codegen: Error generating enums for UDI: ENOTEMPTY: directory not empty, rmdir '../../packages/isy-nodejs/src/Definitions/UDI/generated'[39m
[31m2024-08-29 22:52:48 error: codegen: Error generating enums for Brultech: ENOTEMPTY: directory not empty, rmdir '../../packages/isy-nodejs/src/Definitions/Brultech/generated'[39m
[31m2024-08-29 22:52:48 error: codegen: Error generating enums for NCD: ENOTEMPTY: directory not empty, rmdir '../../packages/isy-nodejs/src/Definitions/NCD/generated'[39m
[31m2024-08-29 22:52:48 error: codegen: Error generating enums for Poly: ENOTEMPTY: directory not empty, rmdir '../../packages/isy-nodejs/src/Definitions/Poly/generated'[39m
[31m2024-08-29 22:52:48 error: codegen: Error generating enums for Lutron: ENOTEMPTY: directory not empty, rmdir '../../packages/isy-nodejs/src/Definitions/Lutron/generated'[39m
[31m2024-08-29 22:52:48 error: codegen: Error generating enums for ZWave: ENOTEMPTY: directory not empty, rmdir '../../packages/isy-nodejs/src/Definitions/ZWave/generated'[39m
[31m2024-08-29 22:52:48 error: codegen: Error generating enums for ZigBee: ENOTEMPTY: directory not empty, rmdir '../../packages/isy-nodejs/src/Definitions/ZigBee/generated'[39m
[31m2024-08-29 23:10:31 error: codegen: Error generating enums for Insteon: ENOTEMPTY: directory not empty, rmdir '../../packages/isy-nodejs/src/Definitions/Insteon/generated'[39m
[31m2024-08-29 23:10:31 error: codegen: Error generating enums for ZigBeeLegacy: ENOTEMPTY: directory not empty, rmdir '../../packages/isy-nodejs/src/Definitions/ZigBeeLegacy/generated'[39m
[31m2024-08-29 23:10:31 error: codegen: Error generating enums for ZWaveLegacy: ENOTEMPTY: directory not empty, rmdir '../../packages/isy-nodejs/src/Definitions/ZWaveLegacy/generated'[39m
[31m2024-08-29 23:10:31 error: codegen: Error generating enums for UDI: ENOTEMPTY: directory not empty, rmdir '../../packages/isy-nodejs/src/Definitions/UDI/generated'[39m
[31m2024-08-29 23:10:31 error: codegen: Error generating enums for Brultech: ENOTEMPTY: directory not empty, rmdir '../../packages/isy-nodejs/src/Definitions/Brultech/generated'[39m
[31m2024-08-29 23:10:31 error: codegen: Error generating enums for NCD: ENOTEMPTY: directory not empty, rmdir '../../packages/isy-nodejs/src/Definitions/NCD/generated'[39m
[31m2024-08-29 23:10:31 error: codegen: Error generating enums for Poly: ENOTEMPTY: directory not empty, rmdir '../../packages/isy-nodejs/src/Definitions/Poly/generated'[39m
[31m2024-08-29 23:10:31 error: codegen: Error generating enums for Lutron: ENOTEMPTY: directory not empty, rmdir '../../packages/isy-nodejs/src/Definitions/Lutron/generated'[39m
[31m2024-08-29 23:10:31 error: codegen: Error generating enums for ZWave: ENOTEMPTY: directory not empty, rmdir '../../packages/isy-nodejs/src/Definitions/ZWave/generated'[39m
[31m2024-08-29 23:10:31 error: codegen: Error generating enums for ZigBee: ENOTEMPTY: directory not empty, rmdir '../../packages/isy-nodejs/src/Definitions/ZigBee/generated'[39m
[31m2024-08-29 23:14:46 error: codegen: Error generating enums for Insteon: ENOTEMPTY: directory not empty, rmdir '../../packages/isy-nodejs/src/Definitions/Insteon/generated'[39m
[31m2024-08-29 23:14:46 error: codegen: Error generating enums for ZigBeeLegacy: ENOTEMPTY: directory not empty, rmdir '../../packages/isy-nodejs/src/Definitions/ZigBeeLegacy/generated'[39m
[31m2024-08-29 23:14:46 error: codegen: Error generating enums for ZWaveLegacy: ENOTEMPTY: directory not empty, rmdir '../../packages/isy-nodejs/src/Definitions/ZWaveLegacy/generated'[39m
[31m2024-08-29 23:14:46 error: codegen: Error generating enums for UDI: ENOTEMPTY: directory not empty, rmdir '../../packages/isy-nodejs/src/Definitions/UDI/generated'[39m
[31m2024-08-29 23:14:46 error: codegen: Error generating enums for Brultech: ENOTEMPTY: directory not empty, rmdir '../../packages/isy-nodejs/src/Definitions/Brultech/generated'[39m
[31m2024-08-29 23:14:46 error: codegen: Error generating enums for NCD: ENOTEMPTY: directory not empty, rmdir '../../packages/isy-nodejs/src/Definitions/NCD/generated'[39m
[31m2024-08-29 23:14:46 error: codegen: Error generating enums for Poly: ENOTEMPTY: directory not empty, rmdir '../../packages/isy-nodejs/src/Definitions/Poly/generated'[39m
[31m2024-08-29 23:14:46 error: codegen: Error generating enums for Lutron: ENOTEMPTY: directory not empty, rmdir '../../packages/isy-nodejs/src/Definitions/Lutron/generated'[39m
[31m2024-08-29 23:14:46 error: codegen: Error generating enums for ZWave: ENOTEMPTY: directory not empty, rmdir '../../packages/isy-nodejs/src/Definitions/ZWave/generated'[39m
[31m2024-08-29 23:14:46 error: codegen: Error generating enums for ZigBee: ENOTEMPTY: directory not empty, rmdir '../../packages/isy-nodejs/src/Definitions/ZigBee/generated'[39m
[31m2024-08-29 23:16:00 error: codegen: Error generating enums for Insteon: ENOTEMPTY: directory not empty, rmdir '../../packages/isy-nodejs/src/Definitions/Insteon/generated'[39m
[31m2024-08-29 23:16:00 error: codegen: Error generating enums for ZigBeeLegacy: ENOTEMPTY: directory not empty, rmdir '../../packages/isy-nodejs/src/Definitions/ZigBeeLegacy/generated'[39m
[31m2024-08-29 23:16:00 error: codegen: Error generating enums for ZWaveLegacy: ENOTEMPTY: directory not empty, rmdir '../../packages/isy-nodejs/src/Definitions/ZWaveLegacy/generated'[39m
[31m2024-08-29 23:16:00 error: codegen: Error generating enums for UDI: ENOTEMPTY: directory not empty, rmdir '../../packages/isy-nodejs/src/Definitions/UDI/generated'[39m
[31m2024-08-29 23:16:00 error: codegen: Error generating enums for Brultech: ENOTEMPTY: directory not empty, rmdir '../../packages/isy-nodejs/src/Definitions/Brultech/generated'[39m
[31m2024-08-29 23:16:00 error: codegen: Error generating enums for NCD: ENOTEMPTY: directory not empty, rmdir '../../packages/isy-nodejs/src/Definitions/NCD/generated'[39m
[31m2024-08-29 23:16:00 error: codegen: Error generating enums for Poly: ENOTEMPTY: directory not empty, rmdir '../../packages/isy-nodejs/src/Definitions/Poly/generated'[39m
[31m2024-08-29 23:16:00 error: codegen: Error generating enums for Lutron: ENOTEMPTY: directory not empty, rmdir '../../packages/isy-nodejs/src/Definitions/Lutron/generated'[39m
[31m2024-08-29 23:16:00 error: codegen: Error generating enums for ZWave: ENOTEMPTY: directory not empty, rmdir '../../packages/isy-nodejs/src/Definitions/ZWave/generated'[39m
[31m2024-08-29 23:16:00 error: codegen: Error generating enums for ZigBee: ENOTEMPTY: directory not empty, rmdir '../../packages/isy-nodejs/src/Definitions/ZigBee/generated'[39m
[31m2024-09-05 09:31:11 error: codegen: Error generating enums for Insteon: ENOTEMPTY: directory not empty, rmdir '../../packages/isy-nodejs/src/Definitions/Insteon/generated'[39m
[31m2024-09-05 09:31:11 error: codegen: Error generating enums for ZigBeeLegacy: ENOTEMPTY: directory not empty, rmdir '../../packages/isy-nodejs/src/Definitions/ZigBeeLegacy/generated'[39m
[31m2024-09-05 09:31:11 error: codegen: Error generating enums for ZWaveLegacy: ENOTEMPTY: directory not empty, rmdir '../../packages/isy-nodejs/src/Definitions/ZWaveLegacy/generated'[39m
[31m2024-09-05 09:31:11 error: codegen: Error generating enums for UDI: ENOTEMPTY: directory not empty, rmdir '../../packages/isy-nodejs/src/Definitions/UDI/generated'[39m
[31m2024-09-05 09:31:11 error: codegen: Error generating enums for Brultech: ENOTEMPTY: directory not empty, rmdir '../../packages/isy-nodejs/src/Definitions/Brultech/generated'[39m
[31m2024-09-05 09:31:11 error: codegen: Error generating enums for NCD: ENOTEMPTY: directory not empty, rmdir '../../packages/isy-nodejs/src/Definitions/NCD/generated'[39m
[31m2024-09-05 09:31:11 error: codegen: Error generating enums for Poly: ENOTEMPTY: directory not empty, rmdir '../../packages/isy-nodejs/src/Definitions/Poly/generated'[39m
[31m2024-09-05 09:31:11 error: codegen: Error generating enums for Lutron: ENOTEMPTY: directory not empty, rmdir '../../packages/isy-nodejs/src/Definitions/Lutron/generated'[39m
[31m2024-09-05 09:31:11 error: codegen: Error generating enums for ZigBee: ENOTEMPTY: directory not empty, rmdir '../../packages/isy-nodejs/src/Definitions/ZigBee/generated'[39m
[31m2024-09-05 09:31:11 error: codegen: Error generating enums for ZWave: ENOTEMPTY: directory not empty, rmdir '../../packages/isy-nodejs/src/Definitions/ZWave/generated'[39m
[31m2024-09-05 11:10:26 error: codegen: Error generating enums for Insteon: ENOTEMPTY: directory not empty, rmdir '../../packages/isy-nodejs/src/Definitions/Insteon/generated'[39m
[31m2024-09-05 11:10:26 error: codegen: Error generating enums for ZigBeeLegacy: ENOTEMPTY: directory not empty, rmdir '../../packages/isy-nodejs/src/Definitions/ZigBeeLegacy/generated'[39m
[31m2024-09-05 11:10:26 error: codegen: Error generating enums for ZWaveLegacy: ENOTEMPTY: directory not empty, rmdir '../../packages/isy-nodejs/src/Definitions/ZWaveLegacy/generated'[39m
[31m2024-09-05 11:10:26 error: codegen: Error generating enums for UDI: ENOTEMPTY: directory not empty, rmdir '../../packages/isy-nodejs/src/Definitions/UDI/generated'[39m
[31m2024-09-05 11:10:26 error: codegen: Error generating enums for Brultech: ENOTEMPTY: directory not empty, rmdir '../../packages/isy-nodejs/src/Definitions/Brultech/generated'[39m
[31m2024-09-05 11:10:26 error: codegen: Error generating enums for NCD: ENOTEMPTY: directory not empty, rmdir '../../packages/isy-nodejs/src/Definitions/NCD/generated'[39m
[31m2024-09-05 11:10:26 error: codegen: Error generating enums for Poly: ENOTEMPTY: directory not empty, rmdir '../../packages/isy-nodejs/src/Definitions/Poly/generated'[39m
[31m2024-09-05 11:10:26 error: codegen: Error generating enums for Lutron: ENOTEMPTY: directory not empty, rmdir '../../packages/isy-nodejs/src/Definitions/Lutron/generated'[39m
[31m2024-09-05 11:10:26 error: codegen: Error generating enums for ZWave: ENOTEMPTY: directory not empty, rmdir '../../packages/isy-nodejs/src/Definitions/ZWave/generated'[39m
[31m2024-09-05 11:10:26 error: codegen: Error generating enums for ZigBee: ENOTEMPTY: directory not empty, rmdir '../../packages/isy-nodejs/src/Definitions/ZigBee/generated'[39m
