2024-07-23 15:17:05 info: ISY: Loading ISY Config
2024-07-23 15:17:05 info: ISY: Connecting to: ws://192.168.1.50:8080/rest/subscribe
2024-07-23 15:17:05 error: ISY: undefined
2024-07-23 15:17:05 warn: ISY: undefined Event for Unidentified Device: {"seqnum":7,"sid":"uuid:46","timestamp":"2024-07-23T15:17:05.519812-04:00","control":"ST","action":{"_":0,"uom":100,"prec":0},"node":"4D 33 4D 1","eventInfo":"","fmtAct":"Off"}
2024-07-23 15:17:05 warn: ISY: undefined Event for Unidentified Device: {"seqnum":8,"sid":"uuid:46","timestamp":"2024-07-23T15:17:05.519855-04:00","control":"ST","action":{"_":0,"uom":100,"prec":0},"node":"4D 33 4D 2","eventInfo":"","fmtAct":"Off"}
2024-07-23 15:17:05 warn: ISY: undefined Event for Unidentified Device: {"seqnum":9,"sid":"uuid:46","timestamp":"2024-07-23T15:17:05.519876-04:00","control":"ST","action":{"_":0,"uom":100,"prec":0},"node":"20 91 DA 1","eventInfo":"","fmtAct":"Off"}
2024-07-23 15:17:05 warn: ISY: undefined Event for Unidentified Device: {"seqnum":10,"sid":"uuid:46","timestamp":"2024-07-23T15:17:05.519895-04:00","control":"ST","action":{"_":0,"uom":100,"prec":0},"node":"4F 3D 20 1","eventInfo":"","fmtAct":"Off"}
2024-07-23 15:17:05 warn: ISY: undefined Event for Unidentified Device: {"seqnum":11,"sid":"uuid:46","timestamp":"2024-07-23T15:17:05.519913-04:00","control":"ST","action":{"_":0,"uom":100,"prec":0},"node":"70 2 39 1","eventInfo":"","fmtAct":"Off"}
2024-07-23 15:17:05 warn: ISY: undefined Event for Unidentified Device: {"seqnum":12,"sid":"uuid:46","timestamp":"2024-07-23T15:17:05.519934-04:00","control":"ST","action":{"_":0,"uom":100,"prec":0},"node":"70 12 D0 1","eventInfo":"","fmtAct":"Off"}
2024-07-23 15:17:05 warn: ISY: undefined Event for Unidentified Device: {"seqnum":13,"sid":"uuid:46","timestamp":"2024-07-23T15:17:05.519952-04:00","control":"ST","action":{"_":0,"uom":100,"prec":0},"node":"70 12 D0 2","eventInfo":"","fmtAct":"Off"}
2024-07-23 15:17:05 warn: ISY: undefined Event for Unidentified Device: {"seqnum":14,"sid":"uuid:46","timestamp":"2024-07-23T15:17:05.519970-04:00","control":"ST","action":{"_":0,"uom":100,"prec":0},"node":"70 12 D0 3","eventInfo":"","fmtAct":"Off"}
2024-07-23 15:17:05 warn: ISY: undefined Event for Unidentified Device: {"seqnum":15,"sid":"uuid:46","timestamp":"2024-07-23T15:17:05.519987-04:00","control":"ST","action":{"_":0,"uom":100,"prec":0},"node":"70 12 D0 4","eventInfo":"","fmtAct":"Off"}
2024-07-23 15:17:05 warn: ISY: undefined Event for Unidentified Device: {"seqnum":16,"sid":"uuid:46","timestamp":"2024-07-23T15:17:05.520004-04:00","control":"ST","action":{"_":0,"uom":100,"prec":0},"node":"70 12 D0 5","eventInfo":"","fmtAct":"Off"}
2024-07-23 15:17:05 warn: ISY: undefined Event for Unidentified Device: {"seqnum":17,"sid":"uuid:46","timestamp":"2024-07-23T15:17:05.520023-04:00","control":"ST","action":{"_":0,"uom":100,"prec":0},"node":"70 12 D0 6","eventInfo":"","fmtAct":"Off"}
2024-07-23 15:17:05 warn: ISY: undefined Event for Unidentified Device: {"seqnum":18,"sid":"uuid:46","timestamp":"2024-07-23T15:17:05.520042-04:00","control":"ST","action":{"_":0,"uom":100,"prec":0},"node":"70 12 D0 7","eventInfo":"","fmtAct":"Off"}
2024-07-23 15:17:05 warn: ISY: undefined Event for Unidentified Device: {"seqnum":19,"sid":"uuid:46","timestamp":"2024-07-23T15:17:05.520059-04:00","control":"ST","action":{"_":0,"uom":100,"prec":0},"node":"4F 3A 54 1","eventInfo":"","fmtAct":"Off"}
2024-07-23 15:17:05 warn: ISY: undefined Event for Unidentified Device: {"seqnum":20,"sid":"uuid:46","timestamp":"2024-07-23T15:17:05.520076-04:00","control":"ST","action":{"_":0,"uom":100,"prec":0},"node":"4F 37 16 1","eventInfo":"","fmtAct":"Off"}
2024-07-23 15:17:05 warn: ISY: undefined Event for Unidentified Device: {"seqnum":21,"sid":"uuid:46","timestamp":"2024-07-23T15:17:05.520094-04:00","control":"ST","action":{"_":0,"uom":100,"prec":0},"node":"4F 27 8F 1","eventInfo":"","fmtAct":"Off"}
2024-07-23 15:17:05 warn: ISY: undefined Event for Unidentified Device: {"seqnum":22,"sid":"uuid:46","timestamp":"2024-07-23T15:17:05.520111-04:00","control":"ST","action":{"_":255,"uom":100,"prec":0},"node":"28 BC 54 1","eventInfo":"","fmtAct":"On"}
2024-07-23 15:17:05 warn: ISY: undefined Event for Unidentified Device: {"seqnum":23,"sid":"uuid:46","timestamp":"2024-07-23T15:17:05.520132-04:00","control":"ST","action":{"_":0,"uom":100,"prec":0},"node":"4F 3E EE 1","eventInfo":"","fmtAct":"Off"}
2024-07-23 15:17:05 warn: ISY: undefined Event for Unidentified Device: {"seqnum":24,"sid":"uuid:46","timestamp":"2024-07-23T15:17:05.520151-04:00","control":"ST","action":{"_":0,"uom":100,"prec":0},"node":"4F 3E 2 1","eventInfo":"","fmtAct":"Off"}
2024-07-23 15:17:05 warn: ISY: undefined Event for Unidentified Device: {"seqnum":25,"sid":"uuid:46","timestamp":"2024-07-23T15:17:05.520167-04:00","control":"ST","action":{"_":0,"uom":100,"prec":0},"node":"1A F6 B 1","eventInfo":"","fmtAct":"Off"}
2024-07-23 15:17:05 warn: ISY: undefined Event for Unidentified Device: {"seqnum":26,"sid":"uuid:46","timestamp":"2024-07-23T15:17:05.520184-04:00","control":"ST","action":{"_":0,"uom":100,"prec":0},"node":"22 FD 4D 1","eventInfo":"","fmtAct":"Off"}
2024-07-23 15:17:05 warn: ISY: undefined Event for Unidentified Device: {"seqnum":27,"sid":"uuid:46","timestamp":"2024-07-23T15:17:05.520201-04:00","control":"ST","action":{"_":0,"uom":100,"prec":0},"node":"26 F4 38 1","eventInfo":"","fmtAct":"Off"}
2024-07-23 15:17:05 warn: ISY: undefined Event for Unidentified Device: {"seqnum":28,"sid":"uuid:46","timestamp":"2024-07-23T15:17:05.520221-04:00","control":"ST","action":{"_":0,"uom":100,"prec":0},"node":"56 E0 91 1","eventInfo":"","fmtAct":"Off"}
2024-07-23 15:17:05 warn: ISY: undefined Event for Unidentified Device: {"seqnum":29,"sid":"uuid:46","timestamp":"2024-07-23T15:17:05.520241-04:00","control":"ST","action":{"_":100,"uom":51,"prec":0},"node":"ZY002_1","eventInfo":"","fmtAct":"100%"}
2024-07-23 15:17:05 warn: ISY: undefined Event for Unidentified Device: {"seqnum":30,"sid":"uuid:46","timestamp":"2024-07-23T15:17:05.520267-04:00","control":"TPW","action":{"_":3081,"uom":33,"prec":2},"node":"ZY002_143","eventInfo":"","fmtAct":"30.81 kWh"}
2024-07-23 15:17:05 warn: ISY: undefined Event for Unidentified Device: {"seqnum":31,"sid":"uuid:46","timestamp":"2024-07-23T15:17:05.520287-04:00","control":"CPW","action":{"_":633,"uom":73,"prec":1},"node":"ZY002_143","eventInfo":"","fmtAct":"63.3 Watts"}
2024-07-23 15:17:05 warn: ISY: undefined Event for Unidentified Device: {"seqnum":32,"sid":"uuid:46","timestamp":"2024-07-23T15:17:05.520305-04:00","control":"GV4","action":{"_":0,"uom":107,"prec":0},"node":"ZY002_186","eventInfo":"","fmtAct":0}
2024-07-23 15:17:05 warn: ISY: undefined Event for Unidentified Device: {"seqnum":33,"sid":"uuid:46","timestamp":"2024-07-23T15:17:05.520322-04:00","control":"GV3","action":{"_":0,"uom":107,"prec":0},"node":"ZY002_186","eventInfo":"","fmtAct":0}
2024-07-23 15:17:05 warn: ISY: undefined Event for Unidentified Device: {"seqnum":34,"sid":"uuid:46","timestamp":"2024-07-23T15:17:05.520337-04:00","control":"GV2","action":{"_":0,"uom":107,"prec":0},"node":"ZY002_186","eventInfo":"","fmtAct":0}
2024-07-23 15:17:05 warn: ISY: undefined Event for Unidentified Device: {"seqnum":35,"sid":"uuid:46","timestamp":"2024-07-23T15:17:05.520354-04:00","control":"GV0","action":{"_":255,"uom":107,"prec":0},"node":"ZY002_186","eventInfo":"","fmtAct":255}
2024-07-23 15:17:05 warn: ISY: undefined Event for Unidentified Device: {"seqnum":36,"sid":"uuid:46","timestamp":"2024-07-23T15:17:05.520372-04:00","control":"ST","action":{"_":0,"uom":100,"prec":0},"node":"70 36 79 1","eventInfo":"","fmtAct":"Off"}
2024-07-23 15:17:05 warn: ISY: undefined Event for Unidentified Device: {"seqnum":37,"sid":"uuid:46","timestamp":"2024-07-23T15:17:05.520390-04:00","control":"ST","action":{"_":0,"uom":100,"prec":0},"node":"70 42 BD 1","eventInfo":"","fmtAct":"Off"}
2024-07-23 15:17:05 warn: ISY: undefined Event for Unidentified Device: {"seqnum":38,"sid":"uuid:46","timestamp":"2024-07-23T15:17:05.520408-04:00","control":"ST","action":{"_":0,"uom":100,"prec":0},"node":"70 3F 35 1","eventInfo":"","fmtAct":"Off"}
2024-07-23 15:17:05 warn: ISY: undefined Event for Unidentified Device: {"seqnum":39,"sid":"uuid:46","timestamp":"2024-07-23T15:17:05.520425-04:00","control":"ST","action":{"_":0,"uom":100,"prec":0},"node":"1F 29 6D 1","eventInfo":"","fmtAct":"Off"}
2024-07-23 15:17:05 warn: ISY: undefined Event for Unidentified Device: {"seqnum":40,"sid":"uuid:46","timestamp":"2024-07-23T15:17:05.520444-04:00","control":"ST","action":{"_":0,"uom":100,"prec":0},"node":"1F 29 6D 2","eventInfo":"","fmtAct":"Off"}
2024-07-23 15:17:05 warn: ISY: undefined Event for Unidentified Device: {"seqnum":41,"sid":"uuid:46","timestamp":"2024-07-23T15:17:05.520463-04:00","control":"ST","action":{"_":0,"uom":100,"prec":0},"node":"4D 32 B8 1","eventInfo":"","fmtAct":"Off"}
2024-07-23 15:17:05 warn: ISY: undefined Event for Unidentified Device: {"seqnum":42,"sid":"uuid:46","timestamp":"2024-07-23T15:17:05.520481-04:00","control":"ST","action":{"_":0,"uom":100,"prec":0},"node":"4D 32 B8 2","eventInfo":"","fmtAct":"Off"}
2024-07-23 15:17:05 warn: ISY: undefined Event for Unidentified Device: {"seqnum":43,"sid":"uuid:46","timestamp":"2024-07-23T15:17:05.520498-04:00","control":"ST","action":{"_":0,"uom":100,"prec":0},"node":"70 6 48 1","eventInfo":"","fmtAct":"Off"}
2024-07-23 15:17:05 warn: ISY: undefined Event for Unidentified Device: {"seqnum":44,"sid":"uuid:46","timestamp":"2024-07-23T15:17:05.520516-04:00","control":"ST","action":{"_":0,"uom":100,"prec":0},"node":"56 E1 32 1","eventInfo":"","fmtAct":"Off"}
2024-07-23 15:17:05 warn: ISY: NodeChanged Event for Unidentified Device: {"seqnum":45,"sid":"uuid:46","timestamp":"2024-07-23T15:17:05.520539-04:00","control":"_3","action":"WH","node":"2E B6 65 1","eventInfo":{"status":1}}
2024-07-23 15:19:31 warn: ISY: undefined Event for Unidentified Device: {"seqnum":59,"sid":"uuid:46","timestamp":"2024-07-23T15:19:31.614698-04:00","control":"DON","action":0,"node":"4F 3E 2 1","eventInfo":""}
